<?xml version="1.0" encoding="UTF-8"?>
<testsuite xmlns:xsi="http://www.w3.org/2001/XMLSchema-instance" xsi:noNamespaceSchemaLocation="https://maven.apache.org/surefire/maven-surefire-plugin/xsd/surefire-test-report.xsd" name="com.ryanalexander.minipro.PslApplicationTests" time="8.416" tests="3" errors="0" skipped="0" failures="0">
  <properties>
    <property name="sun.desktop" value="windows"/>
    <property name="awt.toolkit" value="sun.awt.windows.WToolkit"/>
    <property name="file.encoding.pkg" value="sun.io"/>
    <property name="java.specification.version" value="1.8"/>
    <property name="sun.cpu.isalist" value="amd64"/>
    <property name="sun.jnu.encoding" value="GBK"/>
    <property name="java.class.path" value="D:\Users\Ryan\IdeaProjects\minipro_psl\target\test-classes;D:\Users\Ryan\IdeaProjects\minipro_psl\target\classes;D:\JAVA\maven\repository\org\projectlombok\lombok\1.18.12\lombok-1.18.12.jar;D:\JAVA\maven\repository\com\auth0\java-jwt\3.10.3\java-jwt-3.10.3.jar;D:\JAVA\maven\repository\com\fasterxml\jackson\core\jackson-databind\2.11.3\jackson-databind-2.11.3.jar;D:\JAVA\maven\repository\com\fasterxml\jackson\core\jackson-annotations\2.11.3\jackson-annotations-2.11.3.jar;D:\JAVA\maven\repository\com\fasterxml\jackson\core\jackson-core\2.11.3\jackson-core-2.11.3.jar;D:\JAVA\maven\repository\commons-codec\commons-codec\1.14\commons-codec-1.14.jar;D:\JAVA\maven\repository\org\springframework\boot\spring-boot-starter-mail\2.3.5.RELEASE\spring-boot-starter-mail-2.3.5.RELEASE.jar;D:\JAVA\maven\repository\org\springframework\boot\spring-boot-starter\2.3.5.RELEASE\spring-boot-starter-2.3.5.RELEASE.jar;D:\JAVA\maven\repository\org\springframework\boot\spring-boot-autoconfigure\2.3.5.RELEASE\spring-boot-autoconfigure-2.3.5.RELEASE.jar;D:\JAVA\maven\repository\org\springframework\boot\spring-boot-starter-logging\2.3.5.RELEASE\spring-boot-starter-logging-2.3.5.RELEASE.jar;D:\JAVA\maven\repository\ch\qos\logback\logback-classic\1.2.3\logback-classic-1.2.3.jar;D:\JAVA\maven\repository\ch\qos\logback\logback-core\1.2.3\logback-core-1.2.3.jar;D:\JAVA\maven\repository\org\apache\logging\log4j\log4j-to-slf4j\2.13.3\log4j-to-slf4j-2.13.3.jar;D:\JAVA\maven\repository\org\apache\logging\log4j\log4j-api\2.13.3\log4j-api-2.13.3.jar;D:\JAVA\maven\repository\org\slf4j\jul-to-slf4j\1.7.30\jul-to-slf4j-1.7.30.jar;D:\JAVA\maven\repository\jakarta\annotation\jakarta.annotation-api\1.3.5\jakarta.annotation-api-1.3.5.jar;D:\JAVA\maven\repository\org\yaml\snakeyaml\1.26\snakeyaml-1.26.jar;D:\JAVA\maven\repository\org\springframework\spring-context-support\5.2.10.RELEASE\spring-context-support-5.2.10.RELEASE.jar;D:\JAVA\maven\repository\org\springframework\spring-beans\5.2.10.RELEASE\spring-beans-5.2.10.RELEASE.jar;D:\JAVA\maven\repository\org\springframework\spring-context\5.2.10.RELEASE\spring-context-5.2.10.RELEASE.jar;D:\JAVA\maven\repository\com\sun\mail\jakarta.mail\1.6.5\jakarta.mail-1.6.5.jar;D:\JAVA\maven\repository\com\sun\activation\jakarta.activation\1.2.2\jakarta.activation-1.2.2.jar;D:\JAVA\maven\repository\io\springfox\springfox-swagger2\2.9.2\springfox-swagger2-2.9.2.jar;D:\JAVA\maven\repository\io\swagger\swagger-annotations\1.5.20\swagger-annotations-1.5.20.jar;D:\JAVA\maven\repository\io\swagger\swagger-models\1.5.20\swagger-models-1.5.20.jar;D:\JAVA\maven\repository\io\springfox\springfox-spi\2.9.2\springfox-spi-2.9.2.jar;D:\JAVA\maven\repository\io\springfox\springfox-core\2.9.2\springfox-core-2.9.2.jar;D:\JAVA\maven\repository\io\springfox\springfox-schema\2.9.2\springfox-schema-2.9.2.jar;D:\JAVA\maven\repository\io\springfox\springfox-swagger-common\2.9.2\springfox-swagger-common-2.9.2.jar;D:\JAVA\maven\repository\io\springfox\springfox-spring-web\2.9.2\springfox-spring-web-2.9.2.jar;D:\JAVA\maven\repository\com\google\guava\guava\20.0\guava-20.0.jar;D:\JAVA\maven\repository\com\fasterxml\classmate\1.5.1\classmate-1.5.1.jar;D:\JAVA\maven\repository\org\slf4j\slf4j-api\1.7.30\slf4j-api-1.7.30.jar;D:\JAVA\maven\repository\org\springframework\plugin\spring-plugin-core\1.2.0.RELEASE\spring-plugin-core-1.2.0.RELEASE.jar;D:\JAVA\maven\repository\org\springframework\spring-aop\5.2.10.RELEASE\spring-aop-5.2.10.RELEASE.jar;D:\JAVA\maven\repository\org\springframework\plugin\spring-plugin-metadata\1.2.0.RELEASE\spring-plugin-metadata-1.2.0.RELEASE.jar;D:\JAVA\maven\repository\org\mapstruct\mapstruct\1.2.0.Final\mapstruct-1.2.0.Final.jar;D:\JAVA\maven\repository\io\springfox\springfox-swagger-ui\2.9.2\springfox-swagger-ui-2.9.2.jar;D:\JAVA\maven\repository\com\alibaba\druid\1.1.22\druid-1.1.22.jar;D:\JAVA\maven\repository\log4j\log4j\1.2.17\log4j-1.2.17.jar;D:\JAVA\maven\repository\org\mybatis\spring\boot\mybatis-spring-boot-starter\2.1.1\mybatis-spring-boot-starter-2.1.1.jar;D:\JAVA\maven\repository\org\mybatis\spring\boot\mybatis-spring-boot-autoconfigure\2.1.1\mybatis-spring-boot-autoconfigure-2.1.1.jar;D:\JAVA\maven\repository\org\mybatis\mybatis\3.5.3\mybatis-3.5.3.jar;D:\JAVA\maven\repository\org\mybatis\mybatis-spring\2.0.3\mybatis-spring-2.0.3.jar;D:\JAVA\maven\repository\org\springframework\boot\spring-boot-starter-web\2.3.5.RELEASE\spring-boot-starter-web-2.3.5.RELEASE.jar;D:\JAVA\maven\repository\org\springframework\boot\spring-boot-starter-json\2.3.5.RELEASE\spring-boot-starter-json-2.3.5.RELEASE.jar;D:\JAVA\maven\repository\com\fasterxml\jackson\datatype\jackson-datatype-jdk8\2.11.3\jackson-datatype-jdk8-2.11.3.jar;D:\JAVA\maven\repository\com\fasterxml\jackson\datatype\jackson-datatype-jsr310\2.11.3\jackson-datatype-jsr310-2.11.3.jar;D:\JAVA\maven\repository\com\fasterxml\jackson\module\jackson-module-parameter-names\2.11.3\jackson-module-parameter-names-2.11.3.jar;D:\JAVA\maven\repository\org\springframework\boot\spring-boot-starter-tomcat\2.3.5.RELEASE\spring-boot-starter-tomcat-2.3.5.RELEASE.jar;D:\JAVA\maven\repository\org\apache\tomcat\embed\tomcat-embed-core\9.0.39\tomcat-embed-core-9.0.39.jar;D:\JAVA\maven\repository\org\glassfish\jakarta.el\3.0.3\jakarta.el-3.0.3.jar;D:\JAVA\maven\repository\org\apache\tomcat\embed\tomcat-embed-websocket\9.0.39\tomcat-embed-websocket-9.0.39.jar;D:\JAVA\maven\repository\org\springframework\spring-web\5.2.10.RELEASE\spring-web-5.2.10.RELEASE.jar;D:\JAVA\maven\repository\org\springframework\spring-webmvc\5.2.10.RELEASE\spring-webmvc-5.2.10.RELEASE.jar;D:\JAVA\maven\repository\org\springframework\spring-expression\5.2.10.RELEASE\spring-expression-5.2.10.RELEASE.jar;D:\JAVA\maven\repository\org\springframework\boot\spring-boot-configuration-processor\2.3.5.RELEASE\spring-boot-configuration-processor-2.3.5.RELEASE.jar;D:\JAVA\maven\repository\org\apache\pulsar\pulsar-client-messagecrypto-bc\2.6.1\pulsar-client-messagecrypto-bc-2.6.1.jar;D:\JAVA\maven\repository\org\apache\pulsar\bouncy-castle-bc-shaded\2.6.1\bouncy-castle-bc-shaded-2.6.1.jar;D:\JAVA\maven\repository\org\springframework\boot\spring-boot-starter-jdbc\2.3.5.RELEASE\spring-boot-starter-jdbc-2.3.5.RELEASE.jar;D:\JAVA\maven\repository\com\zaxxer\HikariCP\3.4.5\HikariCP-3.4.5.jar;D:\JAVA\maven\repository\org\springframework\spring-jdbc\5.2.10.RELEASE\spring-jdbc-5.2.10.RELEASE.jar;D:\JAVA\maven\repository\org\springframework\spring-tx\5.2.10.RELEASE\spring-tx-5.2.10.RELEASE.jar;D:\JAVA\maven\repository\org\springframework\boot\spring-boot-starter-data-redis\2.3.5.RELEASE\spring-boot-starter-data-redis-2.3.5.RELEASE.jar;D:\JAVA\maven\repository\org\springframework\data\spring-data-redis\2.3.5.RELEASE\spring-data-redis-2.3.5.RELEASE.jar;D:\JAVA\maven\repository\org\springframework\data\spring-data-keyvalue\2.3.5.RELEASE\spring-data-keyvalue-2.3.5.RELEASE.jar;D:\JAVA\maven\repository\org\springframework\data\spring-data-commons\2.3.5.RELEASE\spring-data-commons-2.3.5.RELEASE.jar;D:\JAVA\maven\repository\org\springframework\spring-oxm\5.2.10.RELEASE\spring-oxm-5.2.10.RELEASE.jar;D:\JAVA\maven\repository\io\lettuce\lettuce-core\5.3.5.RELEASE\lettuce-core-5.3.5.RELEASE.jar;D:\JAVA\maven\repository\io\netty\netty-common\4.1.53.Final\netty-common-4.1.53.Final.jar;D:\JAVA\maven\repository\io\netty\netty-handler\4.1.53.Final\netty-handler-4.1.53.Final.jar;D:\JAVA\maven\repository\io\netty\netty-resolver\4.1.53.Final\netty-resolver-4.1.53.Final.jar;D:\JAVA\maven\repository\io\netty\netty-buffer\4.1.53.Final\netty-buffer-4.1.53.Final.jar;D:\JAVA\maven\repository\io\netty\netty-codec\4.1.53.Final\netty-codec-4.1.53.Final.jar;D:\JAVA\maven\repository\io\netty\netty-transport\4.1.53.Final\netty-transport-4.1.53.Final.jar;D:\JAVA\maven\repository\io\projectreactor\reactor-core\3.3.11.RELEASE\reactor-core-3.3.11.RELEASE.jar;D:\JAVA\maven\repository\org\reactivestreams\reactive-streams\1.0.3\reactive-streams-1.0.3.jar;D:\JAVA\maven\repository\mysql\mysql-connector-java\8.0.22\mysql-connector-java-8.0.22.jar;D:\JAVA\maven\repository\org\springframework\boot\spring-boot-starter-test\2.3.5.RELEASE\spring-boot-starter-test-2.3.5.RELEASE.jar;D:\JAVA\maven\repository\org\springframework\boot\spring-boot-test-autoconfigure\2.3.5.RELEASE\spring-boot-test-autoconfigure-2.3.5.RELEASE.jar;D:\JAVA\maven\repository\com\jayway\jsonpath\json-path\2.4.0\json-path-2.4.0.jar;D:\JAVA\maven\repository\net\minidev\json-smart\2.3\json-smart-2.3.jar;D:\JAVA\maven\repository\net\minidev\accessors-smart\1.2\accessors-smart-1.2.jar;D:\JAVA\maven\repository\jakarta\xml\bind\jakarta.xml.bind-api\2.3.3\jakarta.xml.bind-api-2.3.3.jar;D:\JAVA\maven\repository\jakarta\activation\jakarta.activation-api\1.2.2\jakarta.activation-api-1.2.2.jar;D:\JAVA\maven\repository\org\assertj\assertj-core\3.16.1\assertj-core-3.16.1.jar;D:\JAVA\maven\repository\org\hamcrest\hamcrest\2.2\hamcrest-2.2.jar;D:\JAVA\maven\repository\org\junit\jupiter\junit-jupiter\5.6.3\junit-jupiter-5.6.3.jar;D:\JAVA\maven\repository\org\junit\jupiter\junit-jupiter-api\5.6.3\junit-jupiter-api-5.6.3.jar;D:\JAVA\maven\repository\org\opentest4j\opentest4j\1.2.0\opentest4j-1.2.0.jar;D:\JAVA\maven\repository\org\junit\jupiter\junit-jupiter-params\5.6.3\junit-jupiter-params-5.6.3.jar;D:\JAVA\maven\repository\org\junit\jupiter\junit-jupiter-engine\5.6.3\junit-jupiter-engine-5.6.3.jar;D:\JAVA\maven\repository\org\junit\platform\junit-platform-engine\1.6.3\junit-platform-engine-1.6.3.jar;D:\JAVA\maven\repository\org\mockito\mockito-core\3.3.3\mockito-core-3.3.3.jar;D:\JAVA\maven\repository\net\bytebuddy\byte-buddy\1.10.17\byte-buddy-1.10.17.jar;D:\JAVA\maven\repository\net\bytebuddy\byte-buddy-agent\1.10.17\byte-buddy-agent-1.10.17.jar;D:\JAVA\maven\repository\org\objenesis\objenesis\2.6\objenesis-2.6.jar;D:\JAVA\maven\repository\org\mockito\mockito-junit-jupiter\3.3.3\mockito-junit-jupiter-3.3.3.jar;D:\JAVA\maven\repository\org\skyscreamer\jsonassert\1.5.0\jsonassert-1.5.0.jar;D:\JAVA\maven\repository\com\vaadin\external\google\android-json\0.0.20131108.vaadin1\android-json-0.0.20131108.vaadin1.jar;D:\JAVA\maven\repository\org\springframework\spring-core\5.2.10.RELEASE\spring-core-5.2.10.RELEASE.jar;D:\JAVA\maven\repository\org\springframework\spring-jcl\5.2.10.RELEASE\spring-jcl-5.2.10.RELEASE.jar;D:\JAVA\maven\repository\org\springframework\spring-test\5.2.10.RELEASE\spring-test-5.2.10.RELEASE.jar;D:\JAVA\maven\repository\org\xmlunit\xmlunit-core\2.7.0\xmlunit-core-2.7.0.jar;D:\JAVA\maven\repository\com\alibaba\easyexcel\2.2.6\easyexcel-2.2.6.jar;D:\JAVA\maven\repository\org\apache\poi\poi\3.17\poi-3.17.jar;D:\JAVA\maven\repository\org\apache\commons\commons-collections4\4.1\commons-collections4-4.1.jar;D:\JAVA\maven\repository\org\apache\poi\poi-ooxml\3.17\poi-ooxml-3.17.jar;D:\JAVA\maven\repository\com\github\virtuald\curvesapi\1.04\curvesapi-1.04.jar;D:\JAVA\maven\repository\org\apache\poi\poi-ooxml-schemas\3.17\poi-ooxml-schemas-3.17.jar;D:\JAVA\maven\repository\org\apache\xmlbeans\xmlbeans\2.6.0\xmlbeans-2.6.0.jar;D:\JAVA\maven\repository\stax\stax-api\1.0.1\stax-api-1.0.1.jar;D:\JAVA\maven\repository\cglib\cglib\3.1\cglib-3.1.jar;D:\JAVA\maven\repository\org\ow2\asm\asm\4.2\asm-4.2.jar;D:\JAVA\maven\repository\org\ehcache\ehcache\3.8.1\ehcache-3.8.1.jar;D:\JAVA\maven\repository\org\glassfish\jaxb\jaxb-runtime\2.3.3\jaxb-runtime-2.3.3.jar;D:\JAVA\maven\repository\org\glassfish\jaxb\txw2\2.3.3\txw2-2.3.3.jar;D:\JAVA\maven\repository\com\sun\istack\istack-commons-runtime\3.0.11\istack-commons-runtime-3.0.11.jar;D:\JAVA\maven\repository\com\alibaba\fastjson\1.2.73\fastjson-1.2.73.jar;D:\JAVA\maven\repository\org\junit\platform\junit-platform-commons\1.6.2\junit-platform-commons-1.6.2.jar;D:\JAVA\maven\repository\org\apiguardian\apiguardian-api\1.1.0\apiguardian-api-1.1.0.jar;D:\JAVA\maven\repository\org\springframework\boot\spring-boot-test\2.3.5.RELEASE\spring-boot-test-2.3.5.RELEASE.jar;D:\JAVA\maven\repository\org\springframework\boot\spring-boot\2.3.5.RELEASE\spring-boot-2.3.5.RELEASE.jar;"/>
    <property name="java.vm.vendor" value="AdoptOpenJDK"/>
    <property name="sun.arch.data.model" value="64"/>
    <property name="user.variant" value=""/>
    <property name="java.vendor.url" value="http://java.oracle.com/"/>
    <property name="user.timezone" value="Asia/Shanghai"/>
    <property name="java.vm.specification.version" value="1.8"/>
    <property name="os.name" value="Windows 10"/>
    <property name="user.country" value="CN"/>
    <property name="sun.java.launcher" value="SUN_STANDARD"/>
    <property name="sun.boot.library.path" value="D:\JAVA\jdk8-265-b01\jre\bin"/>
    <property name="sun.java.command" value="C:\Users\Ryan\AppData\Local\Temp\surefire1235962520265676013\surefirebooter6292243789212044811.jar C:\Users\Ryan\AppData\Local\Temp\surefire1235962520265676013 2020-11-30T16-17-15_985-jvmRun1 surefire7906420926487009807tmp surefire_0584592179649608220tmp"/>
    <property name="surefire.test.class.path" value="D:\Users\Ryan\IdeaProjects\minipro_psl\target\test-classes;D:\Users\Ryan\IdeaProjects\minipro_psl\target\classes;D:\JAVA\maven\repository\org\projectlombok\lombok\1.18.12\lombok-1.18.12.jar;D:\JAVA\maven\repository\com\auth0\java-jwt\3.10.3\java-jwt-3.10.3.jar;D:\JAVA\maven\repository\com\fasterxml\jackson\core\jackson-databind\2.11.3\jackson-databind-2.11.3.jar;D:\JAVA\maven\repository\com\fasterxml\jackson\core\jackson-annotations\2.11.3\jackson-annotations-2.11.3.jar;D:\JAVA\maven\repository\com\fasterxml\jackson\core\jackson-core\2.11.3\jackson-core-2.11.3.jar;D:\JAVA\maven\repository\commons-codec\commons-codec\1.14\commons-codec-1.14.jar;D:\JAVA\maven\repository\org\springframework\boot\spring-boot-starter-mail\2.3.5.RELEASE\spring-boot-starter-mail-2.3.5.RELEASE.jar;D:\JAVA\maven\repository\org\springframework\boot\spring-boot-starter\2.3.5.RELEASE\spring-boot-starter-2.3.5.RELEASE.jar;D:\JAVA\maven\repository\org\springframework\boot\spring-boot-autoconfigure\2.3.5.RELEASE\spring-boot-autoconfigure-2.3.5.RELEASE.jar;D:\JAVA\maven\repository\org\springframework\boot\spring-boot-starter-logging\2.3.5.RELEASE\spring-boot-starter-logging-2.3.5.RELEASE.jar;D:\JAVA\maven\repository\ch\qos\logback\logback-classic\1.2.3\logback-classic-1.2.3.jar;D:\JAVA\maven\repository\ch\qos\logback\logback-core\1.2.3\logback-core-1.2.3.jar;D:\JAVA\maven\repository\org\apache\logging\log4j\log4j-to-slf4j\2.13.3\log4j-to-slf4j-2.13.3.jar;D:\JAVA\maven\repository\org\apache\logging\log4j\log4j-api\2.13.3\log4j-api-2.13.3.jar;D:\JAVA\maven\repository\org\slf4j\jul-to-slf4j\1.7.30\jul-to-slf4j-1.7.30.jar;D:\JAVA\maven\repository\jakarta\annotation\jakarta.annotation-api\1.3.5\jakarta.annotation-api-1.3.5.jar;D:\JAVA\maven\repository\org\yaml\snakeyaml\1.26\snakeyaml-1.26.jar;D:\JAVA\maven\repository\org\springframework\spring-context-support\5.2.10.RELEASE\spring-context-support-5.2.10.RELEASE.jar;D:\JAVA\maven\repository\org\springframework\spring-beans\5.2.10.RELEASE\spring-beans-5.2.10.RELEASE.jar;D:\JAVA\maven\repository\org\springframework\spring-context\5.2.10.RELEASE\spring-context-5.2.10.RELEASE.jar;D:\JAVA\maven\repository\com\sun\mail\jakarta.mail\1.6.5\jakarta.mail-1.6.5.jar;D:\JAVA\maven\repository\com\sun\activation\jakarta.activation\1.2.2\jakarta.activation-1.2.2.jar;D:\JAVA\maven\repository\io\springfox\springfox-swagger2\2.9.2\springfox-swagger2-2.9.2.jar;D:\JAVA\maven\repository\io\swagger\swagger-annotations\1.5.20\swagger-annotations-1.5.20.jar;D:\JAVA\maven\repository\io\swagger\swagger-models\1.5.20\swagger-models-1.5.20.jar;D:\JAVA\maven\repository\io\springfox\springfox-spi\2.9.2\springfox-spi-2.9.2.jar;D:\JAVA\maven\repository\io\springfox\springfox-core\2.9.2\springfox-core-2.9.2.jar;D:\JAVA\maven\repository\io\springfox\springfox-schema\2.9.2\springfox-schema-2.9.2.jar;D:\JAVA\maven\repository\io\springfox\springfox-swagger-common\2.9.2\springfox-swagger-common-2.9.2.jar;D:\JAVA\maven\repository\io\springfox\springfox-spring-web\2.9.2\springfox-spring-web-2.9.2.jar;D:\JAVA\maven\repository\com\google\guava\guava\20.0\guava-20.0.jar;D:\JAVA\maven\repository\com\fasterxml\classmate\1.5.1\classmate-1.5.1.jar;D:\JAVA\maven\repository\org\slf4j\slf4j-api\1.7.30\slf4j-api-1.7.30.jar;D:\JAVA\maven\repository\org\springframework\plugin\spring-plugin-core\1.2.0.RELEASE\spring-plugin-core-1.2.0.RELEASE.jar;D:\JAVA\maven\repository\org\springframework\spring-aop\5.2.10.RELEASE\spring-aop-5.2.10.RELEASE.jar;D:\JAVA\maven\repository\org\springframework\plugin\spring-plugin-metadata\1.2.0.RELEASE\spring-plugin-metadata-1.2.0.RELEASE.jar;D:\JAVA\maven\repository\org\mapstruct\mapstruct\1.2.0.Final\mapstruct-1.2.0.Final.jar;D:\JAVA\maven\repository\io\springfox\springfox-swagger-ui\2.9.2\springfox-swagger-ui-2.9.2.jar;D:\JAVA\maven\repository\com\alibaba\druid\1.1.22\druid-1.1.22.jar;D:\JAVA\maven\repository\log4j\log4j\1.2.17\log4j-1.2.17.jar;D:\JAVA\maven\repository\org\mybatis\spring\boot\mybatis-spring-boot-starter\2.1.1\mybatis-spring-boot-starter-2.1.1.jar;D:\JAVA\maven\repository\org\mybatis\spring\boot\mybatis-spring-boot-autoconfigure\2.1.1\mybatis-spring-boot-autoconfigure-2.1.1.jar;D:\JAVA\maven\repository\org\mybatis\mybatis\3.5.3\mybatis-3.5.3.jar;D:\JAVA\maven\repository\org\mybatis\mybatis-spring\2.0.3\mybatis-spring-2.0.3.jar;D:\JAVA\maven\repository\org\springframework\boot\spring-boot-starter-web\2.3.5.RELEASE\spring-boot-starter-web-2.3.5.RELEASE.jar;D:\JAVA\maven\repository\org\springframework\boot\spring-boot-starter-json\2.3.5.RELEASE\spring-boot-starter-json-2.3.5.RELEASE.jar;D:\JAVA\maven\repository\com\fasterxml\jackson\datatype\jackson-datatype-jdk8\2.11.3\jackson-datatype-jdk8-2.11.3.jar;D:\JAVA\maven\repository\com\fasterxml\jackson\datatype\jackson-datatype-jsr310\2.11.3\jackson-datatype-jsr310-2.11.3.jar;D:\JAVA\maven\repository\com\fasterxml\jackson\module\jackson-module-parameter-names\2.11.3\jackson-module-parameter-names-2.11.3.jar;D:\JAVA\maven\repository\org\springframework\boot\spring-boot-starter-tomcat\2.3.5.RELEASE\spring-boot-starter-tomcat-2.3.5.RELEASE.jar;D:\JAVA\maven\repository\org\apache\tomcat\embed\tomcat-embed-core\9.0.39\tomcat-embed-core-9.0.39.jar;D:\JAVA\maven\repository\org\glassfish\jakarta.el\3.0.3\jakarta.el-3.0.3.jar;D:\JAVA\maven\repository\org\apache\tomcat\embed\tomcat-embed-websocket\9.0.39\tomcat-embed-websocket-9.0.39.jar;D:\JAVA\maven\repository\org\springframework\spring-web\5.2.10.RELEASE\spring-web-5.2.10.RELEASE.jar;D:\JAVA\maven\repository\org\springframework\spring-webmvc\5.2.10.RELEASE\spring-webmvc-5.2.10.RELEASE.jar;D:\JAVA\maven\repository\org\springframework\spring-expression\5.2.10.RELEASE\spring-expression-5.2.10.RELEASE.jar;D:\JAVA\maven\repository\org\springframework\boot\spring-boot-configuration-processor\2.3.5.RELEASE\spring-boot-configuration-processor-2.3.5.RELEASE.jar;D:\JAVA\maven\repository\org\apache\pulsar\pulsar-client-messagecrypto-bc\2.6.1\pulsar-client-messagecrypto-bc-2.6.1.jar;D:\JAVA\maven\repository\org\apache\pulsar\bouncy-castle-bc-shaded\2.6.1\bouncy-castle-bc-shaded-2.6.1.jar;D:\JAVA\maven\repository\org\springframework\boot\spring-boot-starter-jdbc\2.3.5.RELEASE\spring-boot-starter-jdbc-2.3.5.RELEASE.jar;D:\JAVA\maven\repository\com\zaxxer\HikariCP\3.4.5\HikariCP-3.4.5.jar;D:\JAVA\maven\repository\org\springframework\spring-jdbc\5.2.10.RELEASE\spring-jdbc-5.2.10.RELEASE.jar;D:\JAVA\maven\repository\org\springframework\spring-tx\5.2.10.RELEASE\spring-tx-5.2.10.RELEASE.jar;D:\JAVA\maven\repository\org\springframework\boot\spring-boot-starter-data-redis\2.3.5.RELEASE\spring-boot-starter-data-redis-2.3.5.RELEASE.jar;D:\JAVA\maven\repository\org\springframework\data\spring-data-redis\2.3.5.RELEASE\spring-data-redis-2.3.5.RELEASE.jar;D:\JAVA\maven\repository\org\springframework\data\spring-data-keyvalue\2.3.5.RELEASE\spring-data-keyvalue-2.3.5.RELEASE.jar;D:\JAVA\maven\repository\org\springframework\data\spring-data-commons\2.3.5.RELEASE\spring-data-commons-2.3.5.RELEASE.jar;D:\JAVA\maven\repository\org\springframework\spring-oxm\5.2.10.RELEASE\spring-oxm-5.2.10.RELEASE.jar;D:\JAVA\maven\repository\io\lettuce\lettuce-core\5.3.5.RELEASE\lettuce-core-5.3.5.RELEASE.jar;D:\JAVA\maven\repository\io\netty\netty-common\4.1.53.Final\netty-common-4.1.53.Final.jar;D:\JAVA\maven\repository\io\netty\netty-handler\4.1.53.Final\netty-handler-4.1.53.Final.jar;D:\JAVA\maven\repository\io\netty\netty-resolver\4.1.53.Final\netty-resolver-4.1.53.Final.jar;D:\JAVA\maven\repository\io\netty\netty-buffer\4.1.53.Final\netty-buffer-4.1.53.Final.jar;D:\JAVA\maven\repository\io\netty\netty-codec\4.1.53.Final\netty-codec-4.1.53.Final.jar;D:\JAVA\maven\repository\io\netty\netty-transport\4.1.53.Final\netty-transport-4.1.53.Final.jar;D:\JAVA\maven\repository\io\projectreactor\reactor-core\3.3.11.RELEASE\reactor-core-3.3.11.RELEASE.jar;D:\JAVA\maven\repository\org\reactivestreams\reactive-streams\1.0.3\reactive-streams-1.0.3.jar;D:\JAVA\maven\repository\mysql\mysql-connector-java\8.0.22\mysql-connector-java-8.0.22.jar;D:\JAVA\maven\repository\org\springframework\boot\spring-boot-starter-test\2.3.5.RELEASE\spring-boot-starter-test-2.3.5.RELEASE.jar;D:\JAVA\maven\repository\org\springframework\boot\spring-boot-test-autoconfigure\2.3.5.RELEASE\spring-boot-test-autoconfigure-2.3.5.RELEASE.jar;D:\JAVA\maven\repository\com\jayway\jsonpath\json-path\2.4.0\json-path-2.4.0.jar;D:\JAVA\maven\repository\net\minidev\json-smart\2.3\json-smart-2.3.jar;D:\JAVA\maven\repository\net\minidev\accessors-smart\1.2\accessors-smart-1.2.jar;D:\JAVA\maven\repository\jakarta\xml\bind\jakarta.xml.bind-api\2.3.3\jakarta.xml.bind-api-2.3.3.jar;D:\JAVA\maven\repository\jakarta\activation\jakarta.activation-api\1.2.2\jakarta.activation-api-1.2.2.jar;D:\JAVA\maven\repository\org\assertj\assertj-core\3.16.1\assertj-core-3.16.1.jar;D:\JAVA\maven\repository\org\hamcrest\hamcrest\2.2\hamcrest-2.2.jar;D:\JAVA\maven\repository\org\junit\jupiter\junit-jupiter\5.6.3\junit-jupiter-5.6.3.jar;D:\JAVA\maven\repository\org\junit\jupiter\junit-jupiter-api\5.6.3\junit-jupiter-api-5.6.3.jar;D:\JAVA\maven\repository\org\opentest4j\opentest4j\1.2.0\opentest4j-1.2.0.jar;D:\JAVA\maven\repository\org\junit\jupiter\junit-jupiter-params\5.6.3\junit-jupiter-params-5.6.3.jar;D:\JAVA\maven\repository\org\junit\jupiter\junit-jupiter-engine\5.6.3\junit-jupiter-engine-5.6.3.jar;D:\JAVA\maven\repository\org\junit\platform\junit-platform-engine\1.6.3\junit-platform-engine-1.6.3.jar;D:\JAVA\maven\repository\org\mockito\mockito-core\3.3.3\mockito-core-3.3.3.jar;D:\JAVA\maven\repository\net\bytebuddy\byte-buddy\1.10.17\byte-buddy-1.10.17.jar;D:\JAVA\maven\repository\net\bytebuddy\byte-buddy-agent\1.10.17\byte-buddy-agent-1.10.17.jar;D:\JAVA\maven\repository\org\objenesis\objenesis\2.6\objenesis-2.6.jar;D:\JAVA\maven\repository\org\mockito\mockito-junit-jupiter\3.3.3\mockito-junit-jupiter-3.3.3.jar;D:\JAVA\maven\repository\org\skyscreamer\jsonassert\1.5.0\jsonassert-1.5.0.jar;D:\JAVA\maven\repository\com\vaadin\external\google\android-json\0.0.20131108.vaadin1\android-json-0.0.20131108.vaadin1.jar;D:\JAVA\maven\repository\org\springframework\spring-core\5.2.10.RELEASE\spring-core-5.2.10.RELEASE.jar;D:\JAVA\maven\repository\org\springframework\spring-jcl\5.2.10.RELEASE\spring-jcl-5.2.10.RELEASE.jar;D:\JAVA\maven\repository\org\springframework\spring-test\5.2.10.RELEASE\spring-test-5.2.10.RELEASE.jar;D:\JAVA\maven\repository\org\xmlunit\xmlunit-core\2.7.0\xmlunit-core-2.7.0.jar;D:\JAVA\maven\repository\com\alibaba\easyexcel\2.2.6\easyexcel-2.2.6.jar;D:\JAVA\maven\repository\org\apache\poi\poi\3.17\poi-3.17.jar;D:\JAVA\maven\repository\org\apache\commons\commons-collections4\4.1\commons-collections4-4.1.jar;D:\JAVA\maven\repository\org\apache\poi\poi-ooxml\3.17\poi-ooxml-3.17.jar;D:\JAVA\maven\repository\com\github\virtuald\curvesapi\1.04\curvesapi-1.04.jar;D:\JAVA\maven\repository\org\apache\poi\poi-ooxml-schemas\3.17\poi-ooxml-schemas-3.17.jar;D:\JAVA\maven\repository\org\apache\xmlbeans\xmlbeans\2.6.0\xmlbeans-2.6.0.jar;D:\JAVA\maven\repository\stax\stax-api\1.0.1\stax-api-1.0.1.jar;D:\JAVA\maven\repository\cglib\cglib\3.1\cglib-3.1.jar;D:\JAVA\maven\repository\org\ow2\asm\asm\4.2\asm-4.2.jar;D:\JAVA\maven\repository\org\ehcache\ehcache\3.8.1\ehcache-3.8.1.jar;D:\JAVA\maven\repository\org\glassfish\jaxb\jaxb-runtime\2.3.3\jaxb-runtime-2.3.3.jar;D:\JAVA\maven\repository\org\glassfish\jaxb\txw2\2.3.3\txw2-2.3.3.jar;D:\JAVA\maven\repository\com\sun\istack\istack-commons-runtime\3.0.11\istack-commons-runtime-3.0.11.jar;D:\JAVA\maven\repository\com\alibaba\fastjson\1.2.73\fastjson-1.2.73.jar;D:\JAVA\maven\repository\org\junit\platform\junit-platform-commons\1.6.2\junit-platform-commons-1.6.2.jar;D:\JAVA\maven\repository\org\apiguardian\apiguardian-api\1.1.0\apiguardian-api-1.1.0.jar;D:\JAVA\maven\repository\org\springframework\boot\spring-boot-test\2.3.5.RELEASE\spring-boot-test-2.3.5.RELEASE.jar;D:\JAVA\maven\repository\org\springframework\boot\spring-boot\2.3.5.RELEASE\spring-boot-2.3.5.RELEASE.jar;"/>
    <property name="sun.cpu.endian" value="little"/>
    <property name="user.home" value="C:\Users\Ryan"/>
    <property name="user.language" value="zh"/>
    <property name="java.specification.vendor" value="Oracle Corporation"/>
    <property name="java.home" value="D:\JAVA\jdk8-265-b01\jre"/>
    <property name="basedir" value="D:\Users\Ryan\IdeaProjects\minipro_psl"/>
    <property name="file.separator" value="\"/>
    <property name="line.separator" value="&#10;"/>
    <property name="java.vm.specification.vendor" value="Oracle Corporation"/>
    <property name="java.specification.name" value="Java Platform API Specification"/>
    <property name="java.awt.graphicsenv" value="sun.awt.Win32GraphicsEnvironment"/>
    <property name="surefire.real.class.path" value="C:\Users\Ryan\AppData\Local\Temp\surefire1235962520265676013\surefirebooter6292243789212044811.jar"/>
    <property name="sun.boot.class.path" value="D:\JAVA\jdk8-265-b01\jre\lib\resources.jar;D:\JAVA\jdk8-265-b01\jre\lib\rt.jar;D:\JAVA\jdk8-265-b01\jre\lib\sunrsasign.jar;D:\JAVA\jdk8-265-b01\jre\lib\jsse.jar;D:\JAVA\jdk8-265-b01\jre\lib\jce.jar;D:\JAVA\jdk8-265-b01\jre\lib\charsets.jar;D:\JAVA\jdk8-265-b01\jre\lib\jfr.jar;D:\JAVA\jdk8-265-b01\jre\classes"/>
    <property name="user.script" value=""/>
    <property name="sun.management.compiler" value="HotSpot 64-Bit Tiered Compilers"/>
    <property name="java.runtime.version" value="1.8.0_265-b01"/>
    <property name="user.name" value="Ryan"/>
    <property name="path.separator" value=";"/>
    <property name="os.version" value="10.0"/>
    <property name="java.endorsed.dirs" value="D:\JAVA\jdk8-265-b01\jre\lib\endorsed"/>
    <property name="java.runtime.name" value="OpenJDK Runtime Environment"/>
    <property name="file.encoding" value="GBK"/>
    <property name="java.vm.name" value="OpenJDK 64-Bit Server VM"/>
    <property name="localRepository" value="D:\JAVA\maven\repository"/>
    <property name="java.vendor.url.bug" value="http://bugreport.sun.com/bugreport/"/>
    <property name="java.io.tmpdir" value="C:\Users\Ryan\AppData\Local\Temp\"/>
    <property name="java.version" value="1.8.0_265"/>
    <property name="user.dir" value="D:\Users\Ryan\IdeaProjects\minipro_psl"/>
    <property name="os.arch" value="amd64"/>
    <property name="java.vm.specification.name" value="Java Virtual Machine Specification"/>
    <property name="java.awt.printerjob" value="sun.awt.windows.WPrinterJob"/>
    <property name="sun.os.patch.level" value=""/>
    <property name="java.library.path" value="D:\JAVA\jdk8-265-b01\jre\bin;C:\Windows\Sun\Java\bin;C:\Windows\system32;C:\Windows;C:\Program Files (x86)\Intel\Intel(R) Management Engine Components\iCLS\;C:\Program Files\Intel\Intel(R) Management Engine Components\iCLS\;C:\Windows\system32;C:\Windows;C:\Windows\System32\Wbem;C:\Windows\System32\WindowsPowerShell\v1.0\;C:\Program Files (x86)\Intel\Intel(R) Management Engine Components\DAL;C:\Program Files\Intel\Intel(R) Management Engine Components\DAL;C:\Program Files (x86)\Intel\Intel(R) Management Engine Components\IPT;C:\Program Files\Intel\Intel(R) Management Engine Components\IPT;C:\Program Files (x86)\NVIDIA Corporation\PhysX\Common;C:\Program Files\Intel\WiFi\bin\;C:\Program Files\Common Files\Intel\WirelessCommon\;D:\Program Files\openCV\build\x64\vc15\bin;C:\Program Files\Microsoft SQL Server\130\Tools\Binn\;C:\Program Files (x86)\Windows Kits\10\Windows Performance Toolkit\;C:\WINDOWS\system32;C:\WINDOWS\System32\Wbem;C:\WINDOWS\System32\WindowsPowerShell\v1.0\;C:\WINDOWS\System32\OpenSSH\;C:\Program Files (x86)\Google\Chrome\Application;D:\Program Files\NI Circuit Design Suite\14.0.0\Shared\LabVIEW CLI;D:\Program Files (x86)\nodejs\;C:\ProgramData\chocolatey\bin;C:\Program Files (x86)\Nordic Semiconductor\nrf5x\bin\;C:\Windows\system32;C:\Windows;C:\Program Files (x86)\Windows Kits\8.1\Windows Performance Toolkit\;C:\Windows\System32\Wbem;C:\Windows\System32\WindowsPowerShell\v1.0\;C:\Windows\System32\OpenSSH\;C:\Program Files\Microsoft SQL Server\Client SDK\ODBC\110\Tools\Binn\;C:\Program Files (x86)\Microsoft SQL Server\120\Tools\Binn\;D:\ProgramData\Anaconda3;D:\ProgramData\Anaconda3\Scripts;D:\ProgramData\Anaconda3\Library\bin;D:\flutter\flutter\bin;D:\Program Files\MiKTeX 2.9\miktex\bin\x64\;C:\Program Files\Git\cmd;D:\JAVA\jdk8-265-b01\bin;D:\Program Files\Polyspace\R2020a\runtime\win64;D:\Program Files\Polyspace\R2020a\bin;D:\Program Files\Polyspace\R2020a\polyspace\bin;D:\JAVA\maven\bin;D:\Program Files\Redis\;D:\Program Files\Git\cmd;C:\Program Files\MySQL\MySQL Server 5.7\bin;X:\Cadence\SPB_16.6\openaccess\bin\win32\opt;X:\Cadence\SPB_16.6\tools\capture;X:\Cadence\SPB_16.6\tools\pspice;X:\Cadence\SPB_16.6\tools\specctra\bin;X:\Cadence\SPB_16.6\tools\fet\bin;X:\Cadence\SPB_16.6\tools\libutil\bin;X:\Cadence\SPB_16.6\tools\bin;X:\Cadence\SPB_16.6\tools\pcb\bin;C:\Users\Lenovo\AppData\Local\Microsoft\WindowsApps;C:\Program Files\Intel\WiFi\bin\;C:\Program Files\Common Files\Intel\WirelessCommon\;D:\Program Files\JetBrains\IntelliJ IDEA 2018.3.2\bin;C:\Users\Lenovo\AppData\Roaming\npm;%WebStorm%;D:\Program Files (x86)\Quartus\modelsim_ae\win32aloem;D:\Program Files (x86)\Quartus\modelsim_ase\win32aloem;D:\Program Files (x86)\quartusss\modelsim_ase\win32aloem;D:\Program Files\texlive\bin\win32;C:\Users\Lenovo\AppData\Local\Microsoft\WindowsApps;D:\pyProjects\venv\Scripts;D:\Program Files\Bandizip\;D:\flutter\flutter\bin;D:\Users\Lenovo\AppData\Local\Android\Sdk\platform-tools;C:\Program Files\Git\;C:\Program Files\Bandizip\;C:\Users\Ryan\AppData\Local\Programs\Microsoft VS Code\bin;."/>
    <property name="idea.version2019.3.2" value="true"/>
    <property name="java.vm.info" value="mixed mode"/>
    <property name="java.vendor" value="AdoptOpenJDK"/>
    <property name="java.vm.version" value="25.265-b01"/>
    <property name="java.ext.dirs" value="D:\JAVA\jdk8-265-b01\jre\lib\ext;C:\Windows\Sun\Java\lib\ext"/>
    <property name="sun.io.unicode.encoding" value="UnicodeLittle"/>
    <property name="java.class.version" value="52.0"/>
  </properties>
  <testcase name="CCidTrim" classname="com.ryanalexander.minipro.PslApplicationTests" time="0.35"/>
  <testcase name="contextLoads" classname="com.ryanalexander.minipro.PslApplicationTests" time="0.132"/>
  <testcase name="redisTest" classname="com.ryanalexander.minipro.PslApplicationTests" time="2.625"/>
</testsuite>